feature_search_dynamic/build/intermediates/manifest_merge_blame_file/debug/manifest-merger-blame-debug-report.txt
1<?xml version="1.0" encoding="utf-8"?>
2<manifest xmlns:android="http://schemas.android.com/apk/res/android"
3    xmlns:dist="http://schemas.android.com/apk/distribution"
4    featureSplit="feature_search_dynamic"
5    package="com.alimoradi.elitefilebrowser"
6    android:versionCode="1"
7    android:versionName="1.0.0.dev" >
8
9    <uses-sdk
10        android:minSdkVersion="16"
10-->src/main/AndroidManifest.xml
11        android:targetSdkVersion="29" />
11-->src/main/AndroidManifest.xml
12
13    <dist:module
13-->src/main/AndroidManifest.xml:5:1-12:15
14        dist:instant="false"
14-->src/main/AndroidManifest.xml:6:5-25
15        dist:onDemand="true"
15-->src/main/AndroidManifest.xml:7:5-25
16        dist:title="@string/title_feature_search_dynamic" >
16-->src/main/AndroidManifest.xml:8:5-54
17        <dist:fusing dist:include="true" />
17-->src/main/AndroidManifest.xml:10:5-40
17-->src/main/AndroidManifest.xml:10:18-37
18    </dist:module>
19
20    <application
20-->src/main/AndroidManifest.xml:14:1-25:15
21        android:allowBackup="false"
21-->src/main/AndroidManifest.xml:14:14-41
22        android:debuggable="true"
23        android:testOnly="true" >
24        <activity
24-->src/main/AndroidManifest.xml:16:5-23:16
25            android:name="com.alimoradi.feature_search_dynamic.activity.SearchActivity"
25-->src/main/AndroidManifest.xml:17:9-48
26            android:label="@string/activity_dynamic_search_label"
26-->src/main/AndroidManifest.xml:18:9-62
27            android:theme="@style/AppTheme" >
27-->src/main/AndroidManifest.xml:19:9-40
28            <intent-filter>
28-->src/main/AndroidManifest.xml:20:9-22:25
29                <action android:name="android.intent.action.VIEW" />
29-->src/main/AndroidManifest.xml:21:13-65
29-->src/main/AndroidManifest.xml:21:21-62
30            </intent-filter>
31        </activity>
32    </application>
33
34</manifest>